[20:45:47] [main/INFO] (FabricLoader/GameProvider) Loading Minecraft 1.21.3 with Fabric Loader 0.16.9
[20:45:48] [main/INFO] (FabricLoader) Loading 43 mods:
	- fabric-api 0.107.0+1.21.3
	- fabric-api-base 0.4.49+fd37071f40
	- fabric-api-lookup-api-v1 1.6.79+c47b9d4340
	- fabric-biome-api-v1 14.0.6+6c3b5d4940
	- fabric-block-api-v1 1.0.28+c47b9d4340
	- fabric-block-view-api-v2 1.0.16+fd37071f40
	- fabric-command-api-v1 1.2.57+f71b366f40
	- fabric-command-api-v2 2.2.36+fd37071f40
	- fabric-commands-v0 0.2.74+df3654b340
	- fabric-content-registries-v0 9.1.6+c47b9d4340
	- fabric-convention-tags-v1 2.1.1+7f945d5b40
	- fabric-convention-tags-v2 2.9.1+1ff58ec240
	- fabric-crash-report-info-v1 0.3.3+c47b9d4340
	- fabric-data-attachment-api-v1 1.2.0+d9873d8b40
	- fabric-data-generation-api-v1 21.0.15+c47b9d4340
	- fabric-dimensions-v1 4.0.7+c47b9d4340
	- fabric-entity-events-v1 2.0.6+c47b9d4340
	- fabric-events-interaction-v0 2.0.10+c47b9d4340
	- fabric-game-rule-api-v1 1.0.59+c47b9d4340
	- fabric-gametest-api-v1 2.0.14+c47b9d4340
	- fabric-item-api-v1 11.1.6+c47b9d4340
	- fabric-item-group-api-v1 4.1.16+e7c9ab6640
	- fabric-lifecycle-events-v1 2.4.0+4402f4ee40
	- fabric-loot-api-v2 3.0.25+3f89f5a540
	- fabric-loot-api-v3 1.0.13+fd37071f40
	- fabric-message-api-v1 6.0.20+c47b9d4340
	- fabric-networking-api-v1 4.3.4+89cb0a4e40
	- fabric-object-builder-api-v1 17.0.8+c47b9d4340
	- fabric-particles-v1 4.0.9+c47b9d4340
	- fabric-recipe-api-v1 7.0.3+c47b9d4340
	- fabric-registry-sync-v0 5.2.1+89cb0a4e40
	- fabric-rendering-data-attachment-v1 0.3.54+73761d2e40
	- fabric-rendering-fluids-v1 3.1.14+c47b9d4340
	- fabric-resource-conditions-api-v1 5.0.8+c47b9d4340
	- fabric-resource-loader-v0 3.0.6+fd37071f40
	- fabric-screen-handler-api-v1 1.3.99+c47b9d4340
	- fabric-transfer-api-v1 5.4.1+c47b9d4340
	- fabric-transitive-access-wideners-v1 6.1.8+c47b9d4340
	- fabricloader 0.16.9
	- java 21
	- minecraft 1.21.3
	- mixinextras 0.4.1
	- mymod 1.0.0
[20:45:48] [main/INFO] (FabricLoader/Mixin) SpongePowered MIXIN Subsystem Version=0.8.7 Source=file:/C:/Users/%d0%a1%d0%b0%d1%88%d0%be%d0%ba/.gradle/caches/modules-2/files-2.1/net.fabricmc/sponge-mixin/0.15.4+mixin.0.8.7/6a12aacc794f1078458433116e9ed42c1cc98096/sponge-mixin-0.15.4+mixin.0.8.7.jar Service=Knot/Fabric Env=SERVER
[20:45:50] [main/INFO] (FabricLoader/Mixin) Loaded Fabric development mappings for mixin remapper!
[20:45:50] [main/INFO] (FabricLoader/Mixin) Compatibility level set to JAVA_21
[20:45:52] [main/INFO] (FabricLoader/MixinExtras|Service) Initializing MixinExtras via com.llamalad7.mixinextras.service.MixinExtrasServiceImpl(version=0.4.1).
[20:46:34] [main/INFO] (Minecraft) [STDOUT]: [MYMOD] Initializing mod on SERVER side
[20:46:34] [main/INFO] (Minecraft) [STDOUT]: [MYMOD] Packets registered
[20:46:35] [main/INFO] (Minecraft) Environment: Environment[sessionHost=https://sessionserver.mojang.com, servicesHost=https://api.minecraftservices.com, name=PROD]
[20:46:44] [main/INFO] (Minecraft) Loaded 1337 recipes
[20:46:44] [main/INFO] (Minecraft) Loaded 1448 advancements
[20:46:44] [main/INFO] (BiomeModificationImpl) Applied 0 biome modifications to 0 of 64 new biomes in 4.914 ms
[20:46:44] [Server thread/INFO] (Minecraft) Starting minecraft server version 1.21.3
[20:46:44] [Server thread/INFO] (Minecraft) Loading properties
[20:46:44] [Server thread/INFO] (Minecraft) Default game type: SURVIVAL
[20:46:44] [Server thread/INFO] (Minecraft) Generating keypair
[20:46:45] [Server thread/INFO] (Minecraft) Starting Minecraft server on *:25565
[20:46:45] [Server thread/INFO] (Minecraft) Using default channel type
[20:46:45] [Server thread/WARN] (Minecraft) **** SERVER IS RUNNING IN OFFLINE/INSECURE MODE!
[20:46:45] [Server thread/WARN] (Minecraft) The server will make no attempt to authenticate usernames. Beware.
[20:46:45] [Server thread/WARN] (Minecraft) While this makes the game possible to play without internet access, it also opens up the ability for hackers to connect with any username they choose.
[20:46:45] [Server thread/WARN] (Minecraft) To change this, set "online-mode" to "true" in the server.properties file.
[20:46:46] [Server thread/INFO] (Minecraft) Preparing level "world"
[20:46:47] [Server thread/INFO] (Minecraft) Preparing start region for dimension minecraft:overworld
[20:46:54] [Worker-Main-1/INFO] (Minecraft) Preparing spawn area: 0%
[20:46:54] [Worker-Main-1/INFO] (Minecraft) Preparing spawn area: 0%
[20:46:54] [Worker-Main-1/INFO] (Minecraft) Preparing spawn area: 0%
[20:46:54] [Worker-Main-1/INFO] (Minecraft) Preparing spawn area: 0%
[20:46:54] [Worker-Main-1/INFO] (Minecraft) Preparing spawn area: 0%
[20:46:54] [Worker-Main-1/INFO] (Minecraft) Preparing spawn area: 0%
[20:46:54] [Worker-Main-1/INFO] (Minecraft) Preparing spawn area: 0%
[20:46:54] [Worker-Main-1/INFO] (Minecraft) Preparing spawn area: 0%
[20:46:54] [Worker-Main-1/INFO] (Minecraft) Preparing spawn area: 0%
[20:46:54] [Worker-Main-1/INFO] (Minecraft) Preparing spawn area: 0%
[20:46:54] [Worker-Main-1/INFO] (Minecraft) Preparing spawn area: 0%
[20:46:54] [Worker-Main-1/INFO] (Minecraft) Preparing spawn area: 0%
[20:46:54] [Worker-Main-1/INFO] (Minecraft) Preparing spawn area: 0%
[20:46:54] [Worker-Main-1/INFO] (Minecraft) Preparing spawn area: 0%
[20:46:54] [Worker-Main-1/INFO] (Minecraft) Preparing spawn area: 0%
[20:46:55] [Server thread/INFO] (Minecraft) Time elapsed: 7572 ms
[20:46:55] [Server thread/INFO] (Minecraft) Done (9.133s)! For help, type "help"
[20:47:55] [Server thread/INFO] (Minecraft) Server empty for 60 seconds, pausing
[20:49:20] [Server thread/INFO] (Minecraft) PlayerTest[/127.0.0.1:62285] logged in with entity id 107 at (5.515072258995111, 64.0, 14.20823739648885)
[20:49:20] [Server thread/INFO] (Minecraft) PlayerTest joined the game
[20:49:21] [Server thread/WARN] (Minecraft) Can't keep up! Is the server overloaded? Running 2002ms or 40 ticks behind
[20:49:40] [Server thread/INFO] (Minecraft) [STDOUT]: [MYMOD] Packet received, scheduling server execution
[20:49:40] [Server thread/INFO] (Minecraft) [STDOUT]: [MYMOD] Received message packet from player: 29248963-278b-3c58-b053-f6f1cd87dee2
[20:49:41] [Server thread/WARN] (PersistenceXmlParser) HHH015018: Encountered multiple persistence-unit stanzas defining same name [mc-pu]; persistence-unit names must be unique
[20:49:42] [Server thread/INFO] (Version) HHH000412: Hibernate ORM core version [WORKING]
[20:49:42] [Server thread/INFO] (RegionFactoryInitiator) HHH000026: Second-level cache disabled
[20:49:43] [Server thread/WARN] (pooling) HHH10001002: Using built-in connection pool (not intended for production use)
[20:49:43] [Server thread/INFO] (pooling) HHH10001005: Loaded JDBC driver class: org.postgresql.Driver
[20:49:43] [Server thread/INFO] (pooling) HHH10001012: Connecting with JDBC URL [jdbc:postgresql://localhost:5433/mcdb]
[20:49:43] [Server thread/INFO] (pooling) HHH10001001: Connection properties: {password=postgres, user=postgres}
[20:49:43] [Server thread/INFO] (pooling) HHH10001003: Autocommit mode: false
[20:49:43] [Server thread/INFO] (pooling) HHH10001115: Connection pool size: 20 (min=1)
[20:49:44] [Server thread/WARN] (deprecation) HHH90000025: PostgreSQLDialect does not need to be specified explicitly using 'hibernate.dialect' (remove the property setting and it will be selected by default)
[20:49:50] [Server thread/WARN] (AggregatedServiceLoader) HHH000505: Ignoring ServiceConfigurationError caught while trying to instantiate service 'interface org.hibernate.bytecode.spi.BytecodeProvider'.
java.util.ServiceConfigurationError: org.hibernate.bytecode.spi.BytecodeProvider: org.hibernate.bytecode.internal.bytebuddy.BytecodeProviderImpl not a subtype
	at java.base/java.util.ServiceLoader.fail(ServiceLoader.java:593) ~[?:?]
	at java.base/java.util.ServiceLoader$LazyClassPathLookupIterator.hasNextService(ServiceLoader.java:1244) ~[?:?]
	at java.base/java.util.ServiceLoader$LazyClassPathLookupIterator.hasNext(ServiceLoader.java:1273) ~[?:?]
	at java.base/java.util.ServiceLoader$2.hasNext(ServiceLoader.java:1309) ~[?:?]
	at java.base/java.util.ServiceLoader$ProviderSpliterator.tryAdvance(ServiceLoader.java:1491) ~[?:?]
	at java.base/java.util.Spliterators$1Adapter.hasNext(Spliterators.java:681) ~[?:?]
	at knot/org.hibernate.boot.registry.classloading.internal.AggregatedServiceLoader$ClassPathAndModulePathAggregatedServiceLoader.hasNextIgnoringServiceConfigurationError(AggregatedServiceLoader.java:155) ~[hibernate-core-6.5.2.Final.jar:?]
	at knot/org.hibernate.boot.registry.classloading.internal.AggregatedServiceLoader$ClassPathAndModulePathAggregatedServiceLoader.loadAll(AggregatedServiceLoader.java:143) ~[hibernate-core-6.5.2.Final.jar:?]
	at knot/org.hibernate.boot.registry.classloading.internal.AggregatedServiceLoader$ClassPathAndModulePathAggregatedServiceLoader.getAll(AggregatedServiceLoader.java:112) ~[hibernate-core-6.5.2.Final.jar:?]
	at knot/org.hibernate.boot.registry.classloading.internal.ClassLoaderServiceImpl.loadJavaServices(ClassLoaderServiceImpl.java:241) ~[hibernate-core-6.5.2.Final.jar:?]
	at knot/org.hibernate.bytecode.internal.BytecodeProviderInitiator.initiateService(BytecodeProviderInitiator.java:51) ~[hibernate-core-6.5.2.Final.jar:?]
	at knot/org.hibernate.bytecode.internal.BytecodeProviderInitiator.initiateService(BytecodeProviderInitiator.java:22) ~[hibernate-core-6.5.2.Final.jar:?]
	at knot/org.hibernate.boot.registry.internal.StandardServiceRegistryImpl.initiateService(StandardServiceRegistryImpl.java:130) ~[hibernate-core-6.5.2.Final.jar:?]
	at knot/org.hibernate.service.internal.AbstractServiceRegistryImpl.createService(AbstractServiceRegistryImpl.java:263) ~[hibernate-core-6.5.2.Final.jar:?]
	at knot/org.hibernate.service.internal.AbstractServiceRegistryImpl.initializeService(AbstractServiceRegistryImpl.java:238) ~[hibernate-core-6.5.2.Final.jar:?]
	at knot/org.hibernate.service.internal.AbstractServiceRegistryImpl.getService(AbstractServiceRegistryImpl.java:215) ~[hibernate-core-6.5.2.Final.jar:?]
	at knot/org.hibernate.boot.internal.SessionFactoryBuilderImpl.<init>(SessionFactoryBuilderImpl.java:70) ~[hibernate-core-6.5.2.Final.jar:?]
	at knot/org.hibernate.boot.internal.SessionFactoryBuilderImpl.<init>(SessionFactoryBuilderImpl.java:47) ~[hibernate-core-6.5.2.Final.jar:?]
	at knot/org.hibernate.boot.internal.DefaultSessionFactoryBuilderService.createSessionFactoryBuilder(DefaultSessionFactoryBuilderService.java:26) ~[hibernate-core-6.5.2.Final.jar:?]
	at knot/org.hibernate.boot.internal.MetadataImpl.getSessionFactoryBuilder(MetadataImpl.java:169) ~[hibernate-core-6.5.2.Final.jar:?]
	at knot/org.hibernate.jpa.boot.internal.EntityManagerFactoryBuilderImpl.build(EntityManagerFactoryBuilderImpl.java:1502) ~[hibernate-core-6.5.2.Final.jar:?]
	at knot/org.hibernate.jpa.HibernatePersistenceProvider.createEntityManagerFactory(HibernatePersistenceProvider.java:55) ~[hibernate-core-6.5.2.Final.jar:?]
	at knot/jakarta.persistence.Persistence.createEntityManagerFactory(Persistence.java:80) ~[jakarta.persistence-api-3.1.0.jar:?]
	at knot/jakarta.persistence.Persistence.createEntityManagerFactory(Persistence.java:55) ~[jakarta.persistence-api-3.1.0.jar:?]
	at knot/shadrin.dev.db.DatabaseManager.<clinit>(DatabaseManager.java:12) ~[main/:?]
	at knot/shadrin.dev.network.ModPackets.handleMessage(ModPackets.java:38) ~[main/:?]
	at knot/shadrin.dev.network.ModPackets.lambda$register$0(ModPackets.java:26) ~[main/:?]
	at knot/net.minecraft.server.ServerTask.run(ServerTask.java:18) ~[minecraft-merged-d0694c5d31-1.21.3-net.fabricmc.yarn.1_21_3.1.21.3+build.2-v2.jar:?]
	at knot/net.minecraft.util.thread.ThreadExecutor.executeTask(ThreadExecutor.java:164) ~[minecraft-merged-d0694c5d31-1.21.3-net.fabricmc.yarn.1_21_3.1.21.3+build.2-v2.jar:?]
	at knot/net.minecraft.util.thread.ReentrantThreadExecutor.executeTask(ReentrantThreadExecutor.java:23) ~[minecraft-merged-d0694c5d31-1.21.3-net.fabricmc.yarn.1_21_3.1.21.3+build.2-v2.jar:?]
	at knot/net.minecraft.server.MinecraftServer.executeTask(MinecraftServer.java:889) ~[minecraft-merged-d0694c5d31-1.21.3-net.fabricmc.yarn.1_21_3.1.21.3+build.2-v2.jar:?]
	at knot/net.minecraft.server.MinecraftServer.executeTask(MinecraftServer.java:180) ~[minecraft-merged-d0694c5d31-1.21.3-net.fabricmc.yarn.1_21_3.1.21.3+build.2-v2.jar:?]
	at knot/net.minecraft.util.thread.ThreadExecutor.runTask(ThreadExecutor.java:138) ~[minecraft-merged-d0694c5d31-1.21.3-net.fabricmc.yarn.1_21_3.1.21.3+build.2-v2.jar:?]
	at knot/net.minecraft.server.MinecraftServer.runOneTask(MinecraftServer.java:871) ~[minecraft-merged-d0694c5d31-1.21.3-net.fabricmc.yarn.1_21_3.1.21.3+build.2-v2.jar:?]
	at knot/net.minecraft.server.MinecraftServer.runTask(MinecraftServer.java:865) ~[minecraft-merged-d0694c5d31-1.21.3-net.fabricmc.yarn.1_21_3.1.21.3+build.2-v2.jar:?]
	at knot/net.minecraft.util.thread.ThreadExecutor.runTasks(ThreadExecutor.java:123) ~[minecraft-merged-d0694c5d31-1.21.3-net.fabricmc.yarn.1_21_3.1.21.3+build.2-v2.jar:?]
	at knot/net.minecraft.server.MinecraftServer.runTasksTillTickEnd(MinecraftServer.java:833) ~[minecraft-merged-d0694c5d31-1.21.3-net.fabricmc.yarn.1_21_3.1.21.3+build.2-v2.jar:?]
	at knot/net.minecraft.server.MinecraftServer.runServer(MinecraftServer.java:719) ~[minecraft-merged-d0694c5d31-1.21.3-net.fabricmc.yarn.1_21_3.1.21.3+build.2-v2.jar:?]
	at knot/net.minecraft.server.MinecraftServer.method_29739(MinecraftServer.java:292) ~[minecraft-merged-d0694c5d31-1.21.3-net.fabricmc.yarn.1_21_3.1.21.3+build.2-v2.jar:?]
	at java.base/java.lang.Thread.run(Thread.java:1583) [?:?]
[20:49:55] [Server thread/INFO] (EntityInstantiatorPojoStandard) HHH000182: No default (no-argument) constructor for class: shadrin.dev.entity.MessageEntity (class must be instantiated by Interceptor)
[20:49:56] [Server thread/INFO] (JtaPlatformInitiator) HHH000489: No JTA platform available (set 'hibernate.transaction.jta.platform' to enable JTA platform integration)
[20:49:56] [Server thread/INFO] (access) HHH10001501: Connection obtained from JdbcConnectionAccess [org.hibernate.engine.jdbc.env.internal.JdbcEnvironmentInitiator$ConnectionProviderJdbcConnectionAccess@35c5bfde] for (non-JTA) DDL execution was not in auto-commit mode; the Connection 'local transaction' will be committed and the Connection will be set into auto-commit mode.
[20:49:56] [Server thread/INFO] (Minecraft) [STDOUT]: Hibernate: 
    create table messages (
        id bigint generated by default as identity,
        uuid uuid not null,
        text varchar(256) not null,
        primary key (id)
    )
[20:49:57] [Server thread/INFO] (Minecraft) [STDOUT]: Hibernate: 
    insert 
    into
        messages
        (uuid, text) 
    values
        (?, ?) 
    returning id
[20:50:23] [Server thread/WARN] (Minecraft) Can't keep up! Is the server overloaded? Running 46357ms or 927 ticks behind
[20:50:25] [Server thread/INFO] (Minecraft) PlayerTest was slain by Zombie
[20:55:40] [Server thread/INFO] (Minecraft) PlayerTest lost connection: Disconnected
[20:55:40] [Server thread/INFO] (Minecraft) PlayerTest left the game
