[20:47:56] [main/INFO] (FabricLoader/GameProvider) Loading Minecraft 1.21.3 with Fabric Loader 0.16.9
[20:47:58] [main/INFO] (FabricLoader) Loading 54 mods:
	- fabric-api 0.107.0+1.21.3
	- fabric-api-base 0.4.49+fd37071f40
	- fabric-api-lookup-api-v1 1.6.79+c47b9d4340
	- fabric-biome-api-v1 14.0.6+6c3b5d4940
	- fabric-block-api-v1 1.0.28+c47b9d4340
	- fabric-block-view-api-v2 1.0.16+fd37071f40
	- fabric-blockrenderlayer-v1 2.0.3+c47b9d4340
	- fabric-client-tags-api-v1 1.1.23+c47b9d4340
	- fabric-command-api-v1 1.2.57+f71b366f40
	- fabric-command-api-v2 2.2.36+fd37071f40
	- fabric-commands-v0 0.2.74+df3654b340
	- fabric-content-registries-v0 9.1.6+c47b9d4340
	- fabric-convention-tags-v1 2.1.1+7f945d5b40
	- fabric-convention-tags-v2 2.9.1+1ff58ec240
	- fabric-crash-report-info-v1 0.3.3+c47b9d4340
	- fabric-data-attachment-api-v1 1.2.0+d9873d8b40
	- fabric-data-generation-api-v1 21.0.15+c47b9d4340
	- fabric-dimensions-v1 4.0.7+c47b9d4340
	- fabric-entity-events-v1 2.0.6+c47b9d4340
	- fabric-events-interaction-v0 2.0.10+c47b9d4340
	- fabric-game-rule-api-v1 1.0.59+c47b9d4340
	- fabric-gametest-api-v1 2.0.14+c47b9d4340
	- fabric-item-api-v1 11.1.6+c47b9d4340
	- fabric-item-group-api-v1 4.1.16+e7c9ab6640
	- fabric-key-binding-api-v1 1.0.53+fd37071f40
	- fabric-keybindings-v0 0.2.51+df3654b340
	- fabric-lifecycle-events-v1 2.4.0+4402f4ee40
	- fabric-loot-api-v2 3.0.25+3f89f5a540
	- fabric-loot-api-v3 1.0.13+fd37071f40
	- fabric-message-api-v1 6.0.20+c47b9d4340
	- fabric-model-loading-api-v1 3.0.8+c47b9d4340
	- fabric-networking-api-v1 4.3.4+89cb0a4e40
	- fabric-object-builder-api-v1 17.0.8+c47b9d4340
	- fabric-particles-v1 4.0.9+c47b9d4340
	- fabric-recipe-api-v1 7.0.3+c47b9d4340
	- fabric-registry-sync-v0 5.2.1+89cb0a4e40
	- fabric-renderer-api-v1 4.0.4+c47b9d4340
	- fabric-renderer-indigo 1.9.4+c47b9d4340
	- fabric-rendering-data-attachment-v1 0.3.54+73761d2e40
	- fabric-rendering-fluids-v1 3.1.14+c47b9d4340
	- fabric-rendering-v0 1.1.82+df3654b340
	- fabric-rendering-v1 8.0.6+fd37071f40
	- fabric-resource-conditions-api-v1 5.0.8+c47b9d4340
	- fabric-resource-loader-v0 3.0.6+fd37071f40
	- fabric-screen-api-v1 2.0.33+c47b9d4340
	- fabric-screen-handler-api-v1 1.3.99+c47b9d4340
	- fabric-sound-api-v1 1.0.29+c47b9d4340
	- fabric-transfer-api-v1 5.4.1+c47b9d4340
	- fabric-transitive-access-wideners-v1 6.1.8+c47b9d4340
	- fabricloader 0.16.9
	- java 21
	- minecraft 1.21.3
	- mixinextras 0.4.1
	- mymod 1.0.0
[20:47:58] [main/INFO] (FabricLoader/Mixin) SpongePowered MIXIN Subsystem Version=0.8.7 Source=file:/C:/Users/%d0%a1%d0%b0%d1%88%d0%be%d0%ba/.gradle/caches/modules-2/files-2.1/net.fabricmc/sponge-mixin/0.15.4+mixin.0.8.7/6a12aacc794f1078458433116e9ed42c1cc98096/sponge-mixin-0.15.4+mixin.0.8.7.jar Service=Knot/Fabric Env=CLIENT
[20:47:59] [main/INFO] (FabricLoader/Mixin) Loaded Fabric development mappings for mixin remapper!
[20:47:59] [main/INFO] (FabricLoader/Mixin) Compatibility level set to JAVA_21
[20:48:06] [main/INFO] (FabricLoader/MixinExtras|Service) Initializing MixinExtras via com.llamalad7.mixinextras.service.MixinExtrasServiceImpl(version=0.4.1).
[20:48:25] [Datafixer Bootstrap/INFO] (Minecraft) 237 Datafixer optimizations took 11136 milliseconds
[20:48:42] [main/INFO] (Minecraft) Completely ignored arguments: [--offline]
[20:48:43] [Render thread/INFO] (Minecraft) Environment: Environment[sessionHost=https://sessionserver.mojang.com, servicesHost=https://api.minecraftservices.com, name=PROD]
[20:48:43] [Render thread/INFO] (Minecraft) Setting user: PlayerTest
[20:48:44] [Render thread/INFO] (Minecraft) [STDOUT]: [MYMOD] Initializing mod on SERVER side
[20:48:44] [Render thread/INFO] (Minecraft) [STDOUT]: [MYMOD] Packets registered
[20:48:45] [Render thread/INFO] (Indigo) [Indigo] Registering Indigo renderer!
[20:48:47] [Render thread/INFO] (Minecraft) Backend library: LWJGL version 3.3.3-snapshot
[20:48:54] [Render thread/INFO] (Minecraft) Reloading ResourceManager: vanilla, fabric, fabric-api, fabric-api-base, fabric-api-lookup-api-v1, fabric-biome-api-v1, fabric-block-api-v1, fabric-block-view-api-v2, fabric-blockrenderlayer-v1, fabric-client-tags-api-v1, fabric-command-api-v1, fabric-command-api-v2, fabric-commands-v0, fabric-content-registries-v0, fabric-convention-tags-v1, fabric-convention-tags-v2, fabric-crash-report-info-v1, fabric-data-attachment-api-v1, fabric-data-generation-api-v1, fabric-dimensions-v1, fabric-entity-events-v1, fabric-events-interaction-v0, fabric-game-rule-api-v1, fabric-gametest-api-v1, fabric-item-api-v1, fabric-item-group-api-v1, fabric-key-binding-api-v1, fabric-keybindings-v0, fabric-lifecycle-events-v1, fabric-loot-api-v2, fabric-loot-api-v3, fabric-message-api-v1, fabric-model-loading-api-v1, fabric-networking-api-v1, fabric-object-builder-api-v1, fabric-particles-v1, fabric-recipe-api-v1, fabric-registry-sync-v0, fabric-renderer-api-v1, fabric-renderer-indigo, fabric-rendering-data-attachment-v1, fabric-rendering-fluids-v1, fabric-rendering-v0, fabric-rendering-v1, fabric-resource-conditions-api-v1, fabric-resource-loader-v0, fabric-screen-api-v1, fabric-screen-handler-api-v1, fabric-sound-api-v1, fabric-transfer-api-v1, fabric-transitive-access-wideners-v1, fabricloader
[20:48:55] [Worker-Main-1/INFO] (Minecraft) Found unifont_all_no_pua-15.1.05.hex, loading
[20:48:57] [Worker-Main-1/INFO] (Minecraft) Found unifont_jp_patch-15.1.05.hex, loading
[20:49:04] [Render thread/WARN] (Minecraft) Missing sound for event: minecraft:block.spawner.fall
[20:49:04] [Render thread/INFO] (Minecraft) OpenAL initialized on device OpenAL Soft on Динамики (High Definition Audio Device)
[20:49:04] [Render thread/INFO] (Minecraft) Sound engine started
[20:49:05] [Render thread/INFO] (Minecraft) Created: 1024x512x4 minecraft:textures/atlas/blocks.png-atlas
[20:49:05] [Render thread/INFO] (Minecraft) Created: 256x256x4 minecraft:textures/atlas/signs.png-atlas
[20:49:05] [Render thread/INFO] (Minecraft) Created: 512x512x4 minecraft:textures/atlas/shield_patterns.png-atlas
[20:49:05] [Render thread/INFO] (Minecraft) Created: 512x512x4 minecraft:textures/atlas/banner_patterns.png-atlas
[20:49:05] [Render thread/INFO] (Minecraft) Created: 1024x1024x4 minecraft:textures/atlas/armor_trims.png-atlas
[20:49:05] [Render thread/INFO] (Minecraft) Created: 256x256x4 minecraft:textures/atlas/chest.png-atlas
[20:49:05] [Render thread/INFO] (Minecraft) Created: 128x64x4 minecraft:textures/atlas/decorated_pot.png-atlas
[20:49:05] [Render thread/INFO] (Minecraft) Created: 512x256x4 minecraft:textures/atlas/shulker_boxes.png-atlas
[20:49:05] [Render thread/INFO] (Minecraft) Created: 512x256x4 minecraft:textures/atlas/beds.png-atlas
[20:49:06] [Render thread/INFO] (Minecraft) Created: 64x64x0 minecraft:textures/atlas/map_decorations.png-atlas
[20:49:07] [Render thread/INFO] (Minecraft) Created: 512x256x0 minecraft:textures/atlas/particles.png-atlas
[20:49:07] [Render thread/INFO] (Minecraft) Created: 512x256x0 minecraft:textures/atlas/paintings.png-atlas
[20:49:07] [Render thread/INFO] (Minecraft) Created: 256x128x0 minecraft:textures/atlas/mob_effects.png-atlas
[20:49:07] [Render thread/INFO] (Minecraft) Created: 1024x512x0 minecraft:textures/atlas/gui.png-atlas
[20:49:15] [Render thread/INFO] (Minecraft) Connecting to localhost, 25565
[20:49:21] [Render thread/INFO] (Minecraft) Loaded 38 advancements
[20:50:25] [Render thread/INFO] (Minecraft) [System] [CHAT] PlayerTest was slain by Zombie
[20:55:40] [Render thread/INFO] (Minecraft) Stopping!
